SF:[WILDCARD]complex.ts
FN:17,dependency
FN:32,complex
FN:46,unused
FN:64,ƒ
FNDA:1,dependency
FNDA:1,complex
FNDA:0,unused
FNDA:0,ƒ
FNF:4
FNH:2
BRF:0
BRH:0
DA:1,1
DA:13,1
DA:14,1
DA:15,1
DA:16,1
DA:17,2
DA:18,2
DA:19,2
DA:20,2
DA:21,2
DA:22,2
DA:23,2
DA:24,2
DA:25,2
DA:26,2
DA:27,2
DA:29,1
DA:30,1
DA:31,1
DA:32,1
DA:33,1
DA:34,1
DA:35,1
DA:36,1
DA:37,2
DA:38,2
DA:39,2
DA:40,2
DA:41,2
DA:42,2
DA:44,1
DA:45,1
DA:46,0
DA:47,0
DA:48,0
DA:49,0
DA:50,0
DA:51,0
DA:52,0
DA:53,0
DA:54,0
DA:55,0
DA:56,0
DA:58,1
DA:59,1
DA:60,1
DA:62,1
DA:63,1
DA:64,0
DA:65,0
DA:66,0
DA:67,0
DA:68,0
DA:70,1
DA:71,0
DA:73,1
DA:74,1
LH:40
LF:57
end_of_record
